<?xml version="1.0" encoding="UTF-8"?>
<testng-results ignored="0" total="1" passed="1" failed="0" skipped="0">
  <reporter-output>
  </reporter-output>
  <suite started-at="2023-07-18T13:33:46 IST" name="Default suite" finished-at="2023-07-18T13:34:14 IST" duration-ms="27918">
    <groups>
    </groups>
    <test started-at="2023-07-18T13:33:46 IST" name="Default test" finished-at="2023-07-18T13:34:14 IST" duration-ms="27918">
      <class name="Test.LoginTest">
        <test-method is-config="true" signature="setup()[pri:0, instance:Test.LoginTest@221a3fa4]" started-at="2023-07-18T13:33:46 IST" name="setup" finished-at="2023-07-18T13:33:50 IST" duration-ms="4077" status="PASS">
          <reporter-output>
          </reporter-output>
        </test-method> <!-- setup -->
        <test-method signature="verifyLoginWithValidCred()[pri:0, instance:Test.LoginTest@221a3fa4]" started-at="2023-07-18T13:33:50 IST" name="verifyLoginWithValidCred" finished-at="2023-07-18T13:34:14 IST" duration-ms="23807" status="PASS">
          <reporter-output>
          </reporter-output>
        </test-method> <!-- verifyLoginWithValidCred -->
      </class> <!-- Test.LoginTest -->
    </test> <!-- Default test -->
  </suite> <!-- Default suite -->
</testng-results>
